2023-04-18 20:46:24 INFO  Log:10 - **
2023-04-18 20:46:24 INFO  Log:11 - **
2023-04-18 20:46:24 INFO  Log:12 - **This is the beginning of my test case**
2023-04-18 20:46:24 INFO  Log:27 - My test case is executing right now
2023-04-18 20:46:24 INFO  Log:31 - My test case might have some trivial issues
2023-04-18 20:47:31 INFO  Log:27 - This test case is about to get completed
2023-04-18 20:47:31 INFO  Log:17 - ######################################
2023-04-18 20:47:31 INFO  Log:18 - ######################################
2023-04-18 20:47:31 INFO  Log:19 - #################This test case is finished#####################
2023-04-18 21:56:23 INFO  Log:10 - **
2023-04-18 21:56:23 INFO  Log:11 - **
2023-04-18 21:56:23 INFO  Log:12 - **This is the beginning of my test case**
2023-04-18 21:56:23 INFO  Log:27 - My test case is executing right now
2023-04-18 21:56:23 INFO  Log:31 - My test case might have some trivial issues
2023-04-18 21:56:33 INFO  Log:27 - This test case is about to get completed
2023-04-18 21:56:33 INFO  Log:17 - ######################################
2023-04-18 21:56:33 INFO  Log:18 - ######################################
2023-04-18 21:56:33 INFO  Log:19 - #################This test case is finished#####################
2023-04-20 12:21:29 INFO  Log:14 - **
2023-04-20 12:21:29 INFO  Log:15 - **
2023-04-20 12:21:29 INFO  Log:16 - **This is the beginning of my test case**
2023-04-20 12:21:29 INFO  Log:31 - My test case is executing right now
2023-04-20 12:21:29 INFO  Log:35 - My test case might have some trivial issues
2023-04-20 12:21:36 INFO  Log:31 - This test case is about to get completed
2023-04-20 12:21:36 INFO  Log:21 - ######################################
2023-04-20 12:21:36 INFO  Log:22 - ######################################
2023-04-20 12:21:36 INFO  Log:23 - #################This test case is finished#####################
2023-04-20 12:22:56 INFO  Log:14 - **
2023-04-20 12:22:56 INFO  Log:15 - **
2023-04-20 12:22:56 INFO  Log:16 - **This is the beginning of my test case**
2023-04-20 12:22:56 INFO  Log:31 - My test case is executing right now
2023-04-20 12:22:56 INFO  Log:35 - My test case might have some trivial issues
2023-04-20 12:23:03 INFO  Log:31 - This test case is about to get completed
2023-04-20 12:23:03 INFO  Log:21 - ######################################
2023-04-20 12:23:03 INFO  Log:22 - ######################################
2023-04-20 12:23:03 INFO  Log:23 - #################This test case is finished#####################
2023-04-20 15:45:54 INFO  Log:14 - **
2023-04-20 15:45:55 INFO  Log:15 - **
2023-04-20 15:45:55 INFO  Log:16 - **This is the beginning of my test case**
2023-04-20 15:45:55 INFO  Log:31 - My test case is executing right now
2023-04-20 15:45:55 INFO  Log:35 - My test case might have some trivial issues
2023-04-20 15:46:02 INFO  Log:31 - This test case is about to get completed
2023-04-20 15:46:02 INFO  Log:21 - ######################################
2023-04-20 15:46:02 INFO  Log:22 - ######################################
2023-04-20 15:46:02 INFO  Log:23 - #################This test case is finished#####################
2023-04-27 18:10:36 INFO  Log:14 - **
2023-04-27 18:10:36 INFO  Log:15 - **
2023-04-27 18:10:36 INFO  Log:16 - **This is the beginning of my test case**
2023-04-27 18:10:36 INFO  Log:31 - My test case is executing right now
2023-04-27 18:10:36 INFO  Log:35 - My test case might have some trivial issues
2023-04-27 18:10:42 INFO  Log:31 - This test case is about to get completed
2023-04-27 18:10:42 INFO  Log:21 - ######################################
2023-04-27 18:10:42 INFO  Log:22 - ######################################
2023-04-27 18:10:42 INFO  Log:23 - #################This test case is finished#####################
2023-04-27 18:21:20 INFO  Log:14 - **
2023-04-27 18:21:20 INFO  Log:15 - **
2023-04-27 18:21:20 INFO  Log:16 - **This is the beginning of my test case**
2023-04-27 18:21:20 INFO  Log:31 - My test case is executing right now
2023-04-27 18:21:20 INFO  Log:35 - My test case might have some trivial issues
2023-04-27 18:21:27 INFO  Log:31 - This test case is about to get completed
2023-04-27 18:21:27 INFO  Log:21 - ######################################
2023-04-27 18:21:27 INFO  Log:22 - ######################################
2023-04-27 18:21:27 INFO  Log:23 - #################This test case is finished#####################
2023-05-13 12:48:26 INFO  Log:14 - **
2023-05-13 12:48:26 INFO  Log:15 - **
2023-05-13 12:48:26 INFO  Log:16 - **This is the beginning of my test case**
2023-05-13 12:48:26 INFO  Log:31 - My test case is executing right now
2023-05-13 12:48:26 INFO  Log:35 - My test case might have some trivial issues
2023-05-13 12:48:29 INFO  Log:31 - This test case is about to get completed
2023-05-13 12:48:29 INFO  Log:21 - ######################################
2023-05-13 12:48:29 INFO  Log:22 - ######################################
2023-05-13 12:48:29 INFO  Log:23 - #################This test case is finished#####################
2023-05-13 12:48:30 INFO  Log:14 - **
2023-05-13 12:48:30 INFO  Log:15 - **
2023-05-13 12:48:30 INFO  Log:16 - **This is the beginning of my test case**
2023-05-13 12:48:30 INFO  Log:31 - My test case is executing right now
2023-05-13 12:48:30 INFO  Log:35 - My test case might have some trivial issues
2023-05-13 12:48:33 INFO  Log:31 - This test case is about to get completed
2023-05-13 12:48:33 INFO  Log:21 - ######################################
2023-05-13 12:48:33 INFO  Log:22 - ######################################
2023-05-13 12:48:33 INFO  Log:23 - #################This test case is finished#####################
2023-05-13 12:49:26 INFO  Log:14 - **
2023-05-13 12:49:26 INFO  Log:15 - **
2023-05-13 12:49:26 INFO  Log:16 - **This is the beginning of my test case**
2023-05-13 12:49:26 INFO  Log:31 - My test case is executing right now
2023-05-13 12:49:26 INFO  Log:35 - My test case might have some trivial issues
2023-05-13 12:49:34 INFO  Log:31 - This test case is about to get completed
2023-05-13 12:49:34 INFO  Log:21 - ######################################
2023-05-13 12:49:34 INFO  Log:22 - ######################################
2023-05-13 12:49:34 INFO  Log:23 - #################This test case is finished#####################
2023-05-31 17:03:35 INFO  Log:14 - **
2023-05-31 17:03:35 INFO  Log:15 - **
2023-05-31 17:03:35 INFO  Log:16 - **This is the beginning of my test case**
2023-05-31 17:03:35 INFO  Log:31 - My test case is executing right now
2023-05-31 17:03:35 INFO  Log:35 - My test case might have some trivial issues
2023-05-31 17:03:43 INFO  Log:31 - This test case is about to get completed
2023-05-31 17:03:43 INFO  Log:21 - ######################################
2023-05-31 17:03:43 INFO  Log:22 - ######################################
2023-05-31 17:03:43 INFO  Log:23 - #################This test case is finished#####################
